d:\pine\git\higherhigher\src\_win\debug\iphonegame.pch
d:\pine\git\higherhigher\src\_win\debug\vc141.pdb
d:\pine\git\higherhigher\src\_win\debug\vc141.idb
d:\pine\git\higherhigher\src\_win\debug\pch.obj
d:\pine\git\higherhigher\src\_win\debug\pinehighscore.obj
d:\pine\git\higherhigher\src\_win\debug\pinestore.obj
d:\pine\git\higherhigher\src\_win\debug\basslib.obj
d:\pine\git\higherhigher\src\_win\debug\soundengine.obj
d:\pine\git\higherhigher\src\_win\debug\pinesprite.obj
d:\pine\git\higherhigher\src\_win\debug\pinespritefmodule.obj
d:\pine\git\higherhigher\src\_win\debug\iphonegame.obj
d:\pine\git\higherhigher\src\_win\debug\os_functions.obj
d:\pine\git\higherhigher\src\_win\debug\os_functions_notsupported.obj
d:\pine\git\higherhigher\src\_win\debug\thread.obj
d:\pine\git\higherhigher\src\_win\debug\cgame_state.obj
d:\pine\git\higherhigher\src\_win\debug\cgame_state_logo.obj
d:\pine\git\higherhigher\src\_win\debug\menusystem.obj
d:\pine\git\higherhigher\src\_win\debug\spritelist.obj
d:\pine\git\higherhigher\src\_win\debug\arraylist.obj
d:\pine\git\higherhigher\src\_win\debug\cmath.obj
d:\pine\git\higherhigher\src\_win\debug\csprite.obj
d:\pine\git\higherhigher\src\_win\debug\pineimage.obj
d:\pine\git\higherhigher\src\_win\debug\datainputstream.obj
d:\pine\git\higherhigher\src\_win\debug\lodepng.obj
d:\pine\git\higherhigher\src\_win\debug\servicestream.obj
d:\pine\git\higherhigher\src\_win\debug\pinefreetype.obj
d:\pine\git\higherhigher\src\_win\debug\pinefreetypecanvas.obj
d:\pine\git\higherhigher\src\_win\debug\pinefreetypechar.obj
d:\pine\git\higherhigher\src\_win\debug\pinefreetypepen.obj
d:\pine\git\higherhigher\src\_win\debug\pinefreetypetext.obj
d:\pine\git\higherhigher\src\_win\debug\pinefreetypetextchar.obj
d:\pine\git\higherhigher\src\_win\debug\graphicutil.obj
d:\pine\git\higherhigher\src\_win\debug\pinecanvas.obj
d:\pine\git\higherhigher\src\_win\debug\pinecolor.obj
d:\pine\git\higherhigher\src\_win\debug\pinecolorpalette.obj
d:\pine\git\higherhigher\src\_win\debug\pinetexture.obj
d:\pine\git\higherhigher\src\_win\debug\buttonanimation.obj
d:\pine\git\higherhigher\src\_win\debug\mapdesigner.obj
d:\pine\git\higherhigher\src\_win\debug\pinematrix4.obj
d:\pine\git\higherhigher\src\_win\debug\pinepolygon.obj
d:\pine\git\higherhigher\src\_win\debug\pinevector3.obj
d:\pine\git\higherhigher\src\_win\debug\gleslib1.obj
d:\pine\git\higherhigher\src\_win\debug\graphic.obj
d:\pine\git\higherhigher\src\_win\debug\pineadvert.obj
d:\pine\git\higherhigher\src\_win\debug\casynctasks.obj
d:\pine\git\higherhigher\src\_win\debug\ccharacter.obj
d:\pine\git\higherhigher\src\_win\debug\cdialog.obj
d:\pine\git\higherhigher\src\_win\debug\ceffecttail.obj
d:\pine\git\higherhigher\src\_win\debug\cfood.obj
d:\pine\git\higherhigher\src\_win\debug\cline.obj
d:\pine\git\higherhigher\src\_win\debug\cobjectenvir.obj
d:\pine\git\higherhigher\src\_win\debug\cquest.obj
d:\pine\git\higherhigher\src\_win\debug\cscrollbar.obj
d:\pine\git\higherhigher\src\_win\debug\cuser.obj
d:\pine\git\higherhigher\src\_win\debug\gamedesign.obj
d:\pine\git\higherhigher\src\_win\debug\pine_date_time.obj
d:\pine\git\higherhigher\src\_win\debug\topebox_promogame.obj
d:\pine\git\higherhigher\src\_win\debug\cgame_state_exfunction.obj
d:\pine\git\higherhigher\src\_win\debug\cgame_state_gameplay.obj
d:\pine\git\higherhigher\src\_win\debug\cgame_state_read_design.obj
d:\pine\git\higherhigher\src\_win\debug\cgame_state_result.obj
d:\pine\git\higherhigher\src\_win\debug\game_externfunctions.obj
d:\pine\git\higherhigher\src\_win\debug\hsgame.obj
d:\pine\git\higherhigher\src\_win\debug\bufferstream.obj
d:\pine\git\higherhigher\src\_win\debug\animation.obj
d:\pine\git\higherhigher\src\_win\debug\canimobject.obj
d:\pine\git\higherhigher\src\_win\debug\cgame_core.obj
d:\pine\git\higherhigher\src\_win\debug\ctouch.obj
d:\pine\git\higherhigher\src\_win\debug\device.obj
d:\pine\git\higherhigher\src\_win\debug\gamecontext.obj
d:\pine\git\higherhigher\src\_win\debug\gameflatform.obj
d:\pine\git\higherhigher\src\_win\debug\gamerect.obj
d:\pine\git\higherhigher\src\_win\debug\object.obj
d:\pine\git\higherhigher\src\_win\debug\pinegame.obj
d:\pine\git\higherhigher\src\_win\debug\renderobject.obj
d:\pine\git\higherhigher\bin\_win\iphonegame.exe
d:\pine\git\higherhigher\bin\_win\iphonegame.pdb
d:\pine\git\higherhigher\src\_win\debug\iphonegame.res
d:\pine\git\higherhigher\src\_win\..\..\bin\_win\iphonegame.exe
d:\pine\git\higherhigher\src\_win\debug\iphonegame.tlog\cl.command.1.tlog
d:\pine\git\higherhigher\src\_win\debug\iphonegame.tlog\cl.read.1.tlog
d:\pine\git\higherhigher\src\_win\debug\iphonegame.tlog\cl.write.1.tlog
d:\pine\git\higherhigher\src\_win\debug\iphonegame.tlog\link.command.1.tlog
d:\pine\git\higherhigher\src\_win\debug\iphonegame.tlog\link.read.1.tlog
d:\pine\git\higherhigher\src\_win\debug\iphonegame.tlog\link.write.1.tlog
d:\pine\git\higherhigher\src\_win\debug\iphonegame.tlog\rc.command.1.tlog
d:\pine\git\higherhigher\src\_win\debug\iphonegame.tlog\rc.read.1.tlog
d:\pine\git\higherhigher\src\_win\debug\iphonegame.tlog\rc.write.1.tlog
